2023.10.01 20:26:55 INFO  Started: Metals version 1.0.1 in folders '/Users/eswan18/Develop/advent-2022/01/scala' for client Visual Studio Code - Insiders 1.79.0-insider.[0m
Oct 01, 2023 8:26:55 PM org.flywaydb.core.internal.license.VersionPrinter printVersionOnly
INFO: Flyway Community Edition 9.21.2 by Redgate
Oct 01, 2023 8:26:55 PM org.flywaydb.core.internal.license.VersionPrinter printVersion
INFO: See release notes here: https://rd.gt/416ObMi
Oct 01, 2023 8:26:55 PM org.flywaydb.core.internal.license.VersionPrinter printVersion
INFO: 
Oct 01, 2023 8:26:56 PM org.flywaydb.core.FlywayExecutor execute
INFO: Database: jdbc:h2:file:/Users/eswan18/Develop/advent-2022/01/scala/.metals/metals (H2 2.1)
Oct 01, 2023 8:26:56 PM org.flywaydb.core.internal.schemahistory.JdbcTableSchemaHistory allAppliedMigrations
INFO: Schema history table "PUBLIC"."flyway_schema_history" does not exist yet
Oct 01, 2023 8:26:56 PM org.flywaydb.core.internal.command.DbValidate validate
INFO: Successfully validated 4 migrations (execution time 00:00.013s)
Oct 01, 2023 8:26:56 PM org.flywaydb.core.internal.schemahistory.JdbcTableSchemaHistory create
INFO: Creating Schema History table "PUBLIC"."flyway_schema_history" ...
Oct 01, 2023 8:26:56 PM org.flywaydb.core.internal.command.DbMigrate migrateGroup
INFO: Current version of schema "PUBLIC": << Empty Schema >>
Oct 01, 2023 8:26:56 PM org.flywaydb.core.internal.command.DbMigrate doMigrateGroup
INFO: Migrating schema "PUBLIC" to version "1 - Create tables"
Oct 01, 2023 8:26:56 PM org.flywaydb.core.internal.command.DbMigrate doMigrateGroup
INFO: Migrating schema "PUBLIC" to version "2 - Server discovery"
Oct 01, 2023 8:26:56 PM org.flywaydb.core.internal.command.DbMigrate doMigrateGroup
INFO: Migrating schema "PUBLIC" to version "3 - Jar symbols"
Oct 01, 2023 8:26:56 PM org.flywaydb.core.internal.command.DbMigrate doMigrateGroup
INFO: Migrating schema "PUBLIC" to version "4 - Fingerprints"
Oct 01, 2023 8:26:56 PM org.flywaydb.core.internal.command.DbMigrate logSummary
INFO: Successfully applied 4 migrations to schema "PUBLIC", now at version v4 (execution time 00:00.026s)
2023.10.01 20:26:56 INFO  time: initialize in 0.71s[0m
Oct 01, 2023 8:27:02 PM org.eclipse.lsp4j.jsonrpc.RemoteEndpoint handleCancellation
WARNING: Unmatched cancel notification for request id 1
2023.10.01 20:27:02 WARN  Build server is not auto-connectable.[0m
2023.10.01 20:27:02 WARN  no build target for: /Users/eswan18/Develop/advent-2022/01/scala/src/main/scala/Main.scala[0m
2023.10.01 20:27:24 INFO  no build target found for /Users/eswan18/Develop/advent-2022/01/scala/src/main/scala/Main.scala. Using presentation compiler with project's scala-library version: 3.3.0[0m
2023.10.01 20:27:27 WARN  no build target for: /Users/eswan18/Develop/advent-2022/01/scala/src/main/scala/Main.scala[0m
2023.10.01 20:27:27 INFO  time: code lens generation in 2.37s[0m
2023.10.01 20:27:49 WARN  no build target for: /Users/eswan18/Develop/advent-2022/01/scala/src/main/scala/Main.scala[0m
2023.10.01 20:28:11 WARN  no build target for: /Users/eswan18/Develop/advent-2022/01/scala/src/main/scala/Main.scala[0m
2023.10.01 20:30:48 WARN  no build target for: /Users/eswan18/Develop/advent-2022/01/scala/src/main/scala/Main.scala[0m
2023.10.01 20:30:59 WARN  no build target for: /Users/eswan18/Develop/advent-2022/01/scala/src/main/scala/Main.scala[0m
2023.10.01 20:31:04 WARN  no build target for: /Users/eswan18/Develop/advent-2022/01/scala/src/main/scala/Main.scala[0m
2023.10.01 20:31:10 WARN  no build target for: /Users/eswan18/Develop/advent-2022/01/scala/src/main/scala/Main.scala[0m
Oct 01, 2023 8:32:52 PM org.eclipse.lsp4j.jsonrpc.RemoteEndpoint handleCancellation
WARNING: Unmatched cancel notification for request id 369
2023.10.01 20:32:56 WARN  no build target for: /Users/eswan18/Develop/advent-2022/01/scala/src/main/scala/Main.scala[0m
2023.10.01 20:33:08 WARN  no build target for: /Users/eswan18/Develop/advent-2022/01/scala/src/main/scala/Main.scala[0m
2023.10.01 20:33:23 WARN  no build target for: /Users/eswan18/Develop/advent-2022/01/scala/src/main/scala/Main.scala[0m
2023.10.01 20:33:26 WARN  no build target for: /Users/eswan18/Develop/advent-2022/01/scala/src/main/scala/Main.scala[0m
Oct 01, 2023 8:34:39 PM org.eclipse.lsp4j.jsonrpc.RemoteEndpoint handleCancellation
WARNING: Unmatched cancel notification for request id 519
2023.10.01 20:34:41 WARN  no build target for: /Users/eswan18/Develop/advent-2022/01/scala/src/main/scala/Main.scala[0m
2023.10.01 20:34:52 INFO  time: code lens generation in 1.12s[0m
2023.10.01 20:35:10 WARN  no build target for: /Users/eswan18/Develop/advent-2022/01/scala/src/main/scala/Main.scala[0m
2023.10.01 20:35:20 WARN  no build target for: /Users/eswan18/Develop/advent-2022/01/scala/src/main/scala/Main.scala[0m
2023.10.01 20:35:52 WARN  no build target for: /Users/eswan18/Develop/advent-2022/01/scala/src/main/scala/Main.scala[0m
2023.10.01 20:36:26 WARN  no build target for: /Users/eswan18/Develop/advent-2022/01/scala/src/main/scala/Main.scala[0m
2023.10.01 20:36:54 ERROR Failed to tokenize input for semantic tokens for /Users/eswan18/Develop/advent-2022/01/scala/src/main/scala/Main.scala
scala.meta.tokenizers.TokenizeException: <input>:15: error: unclosed string interpolation
    case Error(msg, ex) => println(s"Error!
                                     ^
	at scala.meta.internal.tokenizers.Reporter.syntaxError(Reporter.scala:23)
	at scala.meta.internal.tokenizers.Reporter.syntaxError$(Reporter.scala:23)
	at scala.meta.internal.tokenizers.Reporter$$anon$1.syntaxError(Reporter.scala:33)
	at scala.meta.internal.tokenizers.Reporter.syntaxError(Reporter.scala:25)
	at scala.meta.internal.tokenizers.Reporter.syntaxError$(Reporter.scala:25)
	at scala.meta.internal.tokenizers.Reporter$$anon$1.syntaxError(Reporter.scala:33)
	at scala.meta.internal.tokenizers.LegacyScanner.getStringPart(LegacyScanner.scala:697)
	at scala.meta.internal.tokenizers.LegacyScanner.fetchDoubleQuote$1(LegacyScanner.scala:392)
	at scala.meta.internal.tokenizers.LegacyScanner.fetchToken(LegacyScanner.scala:411)
	at scala.meta.internal.tokenizers.LegacyScanner.nextToken(LegacyScanner.scala:246)
	at scala.meta.internal.tokenizers.LegacyScanner.foreach(LegacyScanner.scala:1047)
	at scala.meta.internal.tokenizers.ScalametaTokenizer.uncachedTokenize(ScalametaTokenizer.scala:24)
	at scala.meta.internal.tokenizers.ScalametaTokenizer.$anonfun$tokenize$1(ScalametaTokenizer.scala:17)
	at scala.collection.concurrent.TrieMap.getOrElseUpdate(TrieMap.scala:962)
	at scala.meta.internal.tokenizers.ScalametaTokenizer.tokenize(ScalametaTokenizer.scala:17)
	at scala.meta.internal.tokenizers.ScalametaTokenizer$$anon$2.apply(ScalametaTokenizer.scala:332)
	at scala.meta.tokenizers.Api$XtensionTokenizeDialectInput.tokenize(Api.scala:25)
	at scala.meta.tokenizers.Api$XtensionTokenizeInputLike.tokenize(Api.scala:14)
	at scala.meta.internal.metals.SemanticTokensProvider$.getTokens(SemanticTokensProvider.scala:28)
	at scala.meta.internal.metals.SemanticTokensProvider$.provide(SemanticTokensProvider.scala:89)
	at scala.meta.internal.metals.Compilers.$anonfun$semanticTokens$3(Compilers.scala:511)
	at scala.concurrent.impl.Promise$Transformation.run(Promise.scala:467)
	at java.util.concurrent.ThreadPoolExecutor.runWorker(ThreadPoolExecutor.java:1128)
	at java.util.concurrent.ThreadPoolExecutor$Worker.run(ThreadPoolExecutor.java:628)
	at java.lang.Thread.run(Thread.java:829)
[0m
2023.10.01 20:36:54 WARN  no build target for: /Users/eswan18/Develop/advent-2022/01/scala/src/main/scala/Main.scala[0m
2023.10.01 20:36:55 ERROR Failed to tokenize input for semantic tokens for /Users/eswan18/Develop/advent-2022/01/scala/src/main/scala/Main.scala
scala.meta.tokenizers.TokenizeException: <input>:15: error: unclosed string literal
    case Error(msg, ex) => println(s"Error!")"
                                             ^
	at scala.meta.internal.tokenizers.Reporter.syntaxError(Reporter.scala:23)
	at scala.meta.internal.tokenizers.Reporter.syntaxError$(Reporter.scala:23)
	at scala.meta.internal.tokenizers.Reporter$$anon$1.syntaxError(Reporter.scala:33)
	at scala.meta.internal.tokenizers.Reporter.syntaxError(Reporter.scala:25)
	at scala.meta.internal.tokenizers.Reporter.syntaxError$(Reporter.scala:25)
	at scala.meta.internal.tokenizers.Reporter$$anon$1.syntaxError(Reporter.scala:33)
	at scala.meta.internal.tokenizers.LegacyScanner.getStringLit(LegacyScanner.scala:591)
	at scala.meta.internal.tokenizers.LegacyScanner.fetchDoubleQuote$1(LegacyScanner.scala:407)
	at scala.meta.internal.tokenizers.LegacyScanner.fetchToken(LegacyScanner.scala:411)
	at scala.meta.internal.tokenizers.LegacyScanner.nextToken(LegacyScanner.scala:246)
	at scala.meta.internal.tokenizers.LegacyScanner.foreach(LegacyScanner.scala:1047)
	at scala.meta.internal.tokenizers.ScalametaTokenizer.uncachedTokenize(ScalametaTokenizer.scala:24)
	at scala.meta.internal.tokenizers.ScalametaTokenizer.$anonfun$tokenize$1(ScalametaTokenizer.scala:17)
	at scala.collection.concurrent.TrieMap.getOrElseUpdate(TrieMap.scala:962)
	at scala.meta.internal.tokenizers.ScalametaTokenizer.tokenize(ScalametaTokenizer.scala:17)
	at scala.meta.internal.tokenizers.ScalametaTokenizer$$anon$2.apply(ScalametaTokenizer.scala:332)
	at scala.meta.tokenizers.Api$XtensionTokenizeDialectInput.tokenize(Api.scala:25)
	at scala.meta.tokenizers.Api$XtensionTokenizeInputLike.tokenize(Api.scala:14)
	at scala.meta.internal.metals.SemanticTokensProvider$.getTokens(SemanticTokensProvider.scala:28)
	at scala.meta.internal.metals.SemanticTokensProvider$.provide(SemanticTokensProvider.scala:89)
	at scala.meta.internal.metals.Compilers.$anonfun$semanticTokens$3(Compilers.scala:511)
	at scala.concurrent.impl.Promise$Transformation.run(Promise.scala:467)
	at java.util.concurrent.ThreadPoolExecutor.runWorker(ThreadPoolExecutor.java:1128)
	at java.util.concurrent.ThreadPoolExecutor$Worker.run(ThreadPoolExecutor.java:628)
	at java.lang.Thread.run(Thread.java:829)
[0m
2023.10.01 20:36:55 WARN  no build target for: /Users/eswan18/Develop/advent-2022/01/scala/src/main/scala/Main.scala[0m
2023.10.01 20:37:26 WARN  no build target for: /Users/eswan18/Develop/advent-2022/01/scala/src/main/scala/Main.scala[0m
2023.10.01 20:37:58 WARN  no build target for: /Users/eswan18/Develop/advent-2022/01/scala/src/main/scala/Main.scala[0m
2023.10.01 20:38:55 WARN  no build target for: /Users/eswan18/Develop/advent-2022/01/scala/src/main/scala/Main.scala[0m
2023.10.01 20:39:42 WARN  no build target for: /Users/eswan18/Develop/advent-2022/01/scala/src/main/scala/Main.scala[0m
2023.10.01 20:40:32 WARN  no build target for: /Users/eswan18/Develop/advent-2022/01/scala/src/main/scala/Main.scala[0m
2023.10.01 20:42:02 WARN  no build target for: /Users/eswan18/Develop/advent-2022/01/scala/src/main/scala/Main.scala[0m
2023.10.01 20:42:49 WARN  no build target for: /Users/eswan18/Develop/advent-2022/01/scala/src/main/scala/Main.scala[0m
2023.10.01 20:43:33 WARN  no build target for: /Users/eswan18/Develop/advent-2022/01/scala/src/main/scala/Main.scala[0m
2023.10.01 20:45:30 WARN  no build target for: /Users/eswan18/Develop/advent-2022/01/scala/src/main/scala/Main.scala[0m
2023.10.01 20:46:26 WARN  no build target for: /Users/eswan18/Develop/advent-2022/01/scala/src/main/scala/Main.scala[0m
2023.10.01 20:46:32 WARN  no build target for: /Users/eswan18/Develop/advent-2022/01/scala/src/main/scala/Main.scala[0m
2023.10.01 20:48:20 WARN  no build target for: /Users/eswan18/Develop/advent-2022/01/scala/src/main/scala/Main.scala[0m
